<?xml version="1.0" encoding="utf-8" standalone="no"?>
<test-run id="0" runstate="Runnable" testcasecount="0" result="Failed" label="Invalid" total="0" passed="0" failed="0" inconclusive="0" skipped="0" asserts="0" engine-version="3.12.0.0" clr-version="3.1.11" start-time="2021-02-16 20:46:13Z" end-time="2021-02-16 20:46:13Z" duration="0.019987">
  <command-line><![CDATA[D:\B-Mine\Company\Company\Novac2\NUnit.Console-3.12.0\bin\netcoreapp3.1\nunit3-console.dll OpenEmrAutomation.csproj --test=UnitedLex.OpenEmrAutomation.LoginTest.ValidCredentialTest,UnitedLex.OpenEmrAutomation.LoginTest.InvalidCredentialTest]]></command-line>
  <filter>
    <or>
      <test>UnitedLex.OpenEmrAutomation.LoginTest.ValidCredentialTest</test>
      <test>UnitedLex.OpenEmrAutomation.LoginTest.InvalidCredentialTest</test>
    </or>
  </filter>
  <test-suite type="Unknown" id="1-1" name="OpenEmrAutomation.csproj" fullname="D:\B-Mine\Company\Company\Unitedlex\WebAutomationFramework - Copy\OpenEmrAutomation\OpenEmrAutomation.csproj" testcasecount="0" runstate="NotRunnable" result="Failed" label="Invalid">
    <properties>
      <property name="_SKIPREASON" value="File type is not supported" />
    </properties>
    <reason>
      <message>File type is not supported</message>
    </reason>
  </test-suite>
</test-run>